<?xml version="1.0" encoding="UTF-8"?>
<!-- Generated by org.testng.reporters.JUnitReportReporter -->
<testsuite hostname="NODE2732" failures="0" tests="1" name="runner.TestRunner" time="5.490" errors="0" timestamp="2025-07-24T09:24:19 IST" skipped="0">
  <testcase classname="runner.TestRunner" name="runScenario" time="5.490"/>
  <system-out/>
</testsuite> <!-- runner.TestRunner -->
